0 info it worked if it ends with ok
1 verbose cli [ '/Users/thomas/.nvm/versions/node/v5.10.1/bin/node',
1 verbose cli   '/Users/thomas/.nvm/versions/node/v5.10.1/bin/npm',
1 verbose cli   'run',
1 verbose cli   'precommit' ]
2 info using npm@3.8.3
3 info using node@v5.10.1
4 verbose run-script [ 'precommit' ]
5 info lifecycle react_orderman@1.0.0~precommit: react_orderman@1.0.0
6 verbose lifecycle react_orderman@1.0.0~precommit: unsafe-perm in lifecycle true
7 verbose lifecycle react_orderman@1.0.0~precommit: PATH: /Users/thomas/.nvm/versions/node/v5.10.1/lib/node_modules/npm/bin/node-gyp-bin:/Users/thomas/tw_fed/node_modules/.bin:/Users/thomas/.nvm/versions/node/v5.10.1/bin:/Users/thomas/.nvm/versions/node/v5.10.1/bin:/usr/local/bin:/usr/local/sbin:/usr/bin:/bin:/usr/sbin:/sbin:/Users/thomas/bin
8 verbose lifecycle react_orderman@1.0.0~precommit: CWD: /Users/thomas/tw_fed
9 silly lifecycle react_orderman@1.0.0~precommit: Args: [ '-c', 'eslint app --cache --ext=.jsx' ]
10 silly lifecycle react_orderman@1.0.0~precommit: Returned: code: 1  signal: null
11 info lifecycle react_orderman@1.0.0~precommit: Failed to exec precommit script
12 verbose stack Error: react_orderman@1.0.0 precommit: `eslint app --cache --ext=.jsx`
12 verbose stack Exit status 1
12 verbose stack     at EventEmitter.<anonymous> (/Users/thomas/.nvm/versions/node/v5.10.1/lib/node_modules/npm/lib/utils/lifecycle.js:239:16)
12 verbose stack     at emitTwo (events.js:100:13)
12 verbose stack     at EventEmitter.emit (events.js:185:7)
12 verbose stack     at ChildProcess.<anonymous> (/Users/thomas/.nvm/versions/node/v5.10.1/lib/node_modules/npm/lib/utils/spawn.js:24:14)
12 verbose stack     at emitTwo (events.js:100:13)
12 verbose stack     at ChildProcess.emit (events.js:185:7)
12 verbose stack     at maybeClose (internal/child_process.js:850:16)
12 verbose stack     at Process.ChildProcess._handle.onexit (internal/child_process.js:215:5)
13 verbose pkgid react_orderman@1.0.0
14 verbose cwd /Users/thomas/tw_fed
15 error Darwin 15.6.0
16 error argv "/Users/thomas/.nvm/versions/node/v5.10.1/bin/node" "/Users/thomas/.nvm/versions/node/v5.10.1/bin/npm" "run" "precommit"
17 error node v5.10.1
18 error npm  v3.8.3
19 error code ELIFECYCLE
20 error react_orderman@1.0.0 precommit: `eslint app --cache --ext=.jsx`
20 error Exit status 1
21 error Failed at the react_orderman@1.0.0 precommit script 'eslint app --cache --ext=.jsx'.
21 error Make sure you have the latest version of node.js and npm installed.
21 error If you do, this is most likely a problem with the react_orderman package,
21 error not with npm itself.
21 error Tell the author that this fails on your system:
21 error     eslint app --cache --ext=.jsx
21 error You can get information on how to open an issue for this project with:
21 error     npm bugs react_orderman
21 error Or if that isn't available, you can get their info via:
21 error     npm owner ls react_orderman
21 error There is likely additional logging output above.
22 verbose exit [ 1, true ]
